0 info it worked if it ends with ok
1 verbose cli [ '/home/ubuntu/.nvm/v0.10.12/bin/node',
1 verbose cli   '/home/ubuntu/.nvm/v0.10.12/bin/npm',
1 verbose cli   'install',
1 verbose cli   'fs' ]
2 info using npm@1.2.32
3 info using node@v0.10.12
4 verbose read json /home/ubuntu/.ssh/bitstarter/package.json
5 verbose read json /home/ubuntu/.ssh/bitstarter/node_modules/express/package.json
6 verbose from cache /home/ubuntu/.ssh/bitstarter/package.json
7 verbose readDependencies using package.json deps
8 verbose cache add [ 'fs', null ]
9 verbose cache add name=undefined spec="fs" args=["fs",null]
10 verbose parsed url { protocol: null,
10 verbose parsed url   slashes: null,
10 verbose parsed url   auth: null,
10 verbose parsed url   host: null,
10 verbose parsed url   port: null,
10 verbose parsed url   hostname: null,
10 verbose parsed url   hash: null,
10 verbose parsed url   search: null,
10 verbose parsed url   query: null,
10 verbose parsed url   pathname: 'fs',
10 verbose parsed url   path: 'fs',
10 verbose parsed url   href: 'fs' }
11 silly lockFile 3f4bb586-fs fs
12 verbose lock fs /home/ubuntu/.npm/3f4bb586-fs.lock
13 silly lockFile 3f4bb586-fs fs
14 silly lockFile 3f4bb586-fs fs
15 verbose addNamed [ 'fs', '' ]
16 verbose addNamed [ null, '' ]
17 silly lockFile a107b96b-fs fs@
18 verbose lock fs@ /home/ubuntu/.npm/a107b96b-fs.lock
19 silly addNameRange { name: 'fs', range: '', hasData: false }
20 verbose url raw fs
21 verbose url resolving [ 'https://registry.npmjs.org/', './fs' ]
22 verbose url resolved https://registry.npmjs.org/fs
23 info trying registry request attempt 1 at 20:29:42
24 http GET https://registry.npmjs.org/fs
25 http 404 https://registry.npmjs.org/fs
26 silly registry.get cb [ 404,
26 silly registry.get   { date: 'Fri, 14 Mar 2014 20:29:43 GMT',
26 silly registry.get     server: 'CouchDB/1.5.0 (Erlang OTP/R14B04)',
26 silly registry.get     'content-type': 'application/json',
26 silly registry.get     'accept-ranges': 'bytes',
26 silly registry.get     via: '1.1 varnish',
26 silly registry.get     age: '0',
26 silly registry.get     'cache-control': 'max-age=0',
26 silly registry.get     'content-length': '52',
26 silly registry.get     'x-served-by': 'cache-v42-ASH, cache-sv61-SJC3',
26 silly registry.get     'x-cache': 'MISS, MISS',
26 silly registry.get     'x-cache-hits': '0, 0',
26 silly registry.get     'x-timer': 'S1394828983.044964075,VS0,VS-688,VE-588,VE173',
26 silly registry.get     'keep-alive': 'timeout=10, max=50',
26 silly registry.get     connection: 'Keep-Alive' } ]
27 silly lockFile a107b96b-fs fs@
28 silly lockFile a107b96b-fs fs@
29 error 404 'fs' is not in the npm registry.
29 error 404 You should bug the author to publish it
29 error 404
29 error 404 Note that you can also install from a
29 error 404 tarball, folder, or http url, or git url.
30 error System Linux 3.2.0-58-virtual
31 error command "/home/ubuntu/.nvm/v0.10.12/bin/node" "/home/ubuntu/.nvm/v0.10.12/bin/npm" "install" "fs"
32 error cwd /home/ubuntu/.ssh/bitstarter
33 error node -v v0.10.12
34 error npm -v 1.2.32
35 error code E404
36 verbose exit [ 1, true ]
